<?xml version="1.0" encoding="UTF-8"?>
<testng-results ignored="1" total="2" passed="1" failed="0" skipped="0">
  <reporter-output>
  </reporter-output>
  <suite started-at="2023-11-09T16:31:49 IST" name="Default suite" finished-at="2023-11-09T16:31:52 IST" duration-ms="2773">
    <groups>
    </groups>
    <test started-at="2023-11-09T16:31:49 IST" name="Default test" finished-at="2023-11-09T16:31:52 IST" duration-ms="2773">
      <class name="JsonSchemaValidatorr">
        <test-method signature="schemaGet()[pri:0, instance:JsonSchemaValidatorr@2d7275fc]" started-at="2023-11-09T16:31:49 IST" name="schemaGet" finished-at="2023-11-09T16:31:52 IST" duration-ms="2716" status="PASS">
          <reporter-output>
          </reporter-output>
        </test-method> <!-- schemaGet -->
      </class> <!-- JsonSchemaValidatorr -->
    </test> <!-- Default test -->
  </suite> <!-- Default suite -->
</testng-results>
